<?xml version="1.0" encoding="UTF-8"?>
<testsuites name="jest tests" tests="2" failures="2" errors="0" time="1.972">
  <testsuite name="USER UPDATE - /users/updateMe" errors="0" failures="2" skipped="0" timestamp="2025-05-05T00:04:39" time="1.737" tests="2">
    <testcase classname="USER UPDATE - /users/updateMe should update user name and email" name="USER UPDATE - /users/updateMe should update user name and email" time="0">
      <failure>AggregateError: 
    at internalConnectMultiple (node:net:1139:18)
    at afterConnectMultiple (node:net:1714:7)</failure>
    </testcase>
    <testcase classname="USER UPDATE - /users/updateMe should update user photo" name="USER UPDATE - /users/updateMe should update user photo" time="0">
      <failure>AggregateError: 
    at internalConnectMultiple (node:net:1139:18)
    at afterConnectMultiple (node:net:1714:7)</failure>
    </testcase>
    <testcase classname=" Test execution failure: could be caused by test hooks like &apos;afterAll&apos;." name=" Test execution failure: could be caused by test hooks like &apos;afterAll&apos;." time="0">
      <failure>{&quot;message&quot;:&quot;&quot;,&quot;stack&quot;:&quot;TypeError: Invalid value \&quot;undefined\&quot; for header \&quot;Cookie\&quot;\n    at ClientRequest.setHeader (node:_http_outgoing:702:3)\n    at Test.setHeader [as request] (/Users/vladimirsorokoletov/Desktop/Lecture/apiAutomation/node_modules/superagent/src/node/index.js:825:39)\n    at Test.request [as end] (/Users/vladimirsorokoletov/Desktop/Lecture/apiAutomation/node_modules/superagent/src/node/index.js:960:8)\n    at Test.end (/Users/vladimirsorokoletov/Desktop/Lecture/apiAutomation/node_modules/supertest/lib/test.js:133:11)\n    at /Users/vladimirsorokoletov/Desktop/Lecture/apiAutomation/helper/user.ts:74:8\n    at new Promise (&lt;anonymous&gt;)\n    at deleteFunction (/Users/vladimirsorokoletov/Desktop/Lecture/apiAutomation/helper/user.ts:70:10)\n    at /Users/vladimirsorokoletov/Desktop/Lecture/apiAutomation/src/tests/user_update.spec.ts:22:25\n    at Generator.next (&lt;anonymous&gt;)\n    at /Users/vladimirsorokoletov/Desktop/Lecture/apiAutomation/src/tests/user_update.spec.ts:8:71\n    at new Promise (&lt;anonymous&gt;)\n    at Object.&lt;anonymous&gt;.__awaiter (/Users/vladimirsorokoletov/Desktop/Lecture/apiAutomation/src/tests/user_update.spec.ts:4:12)\n    at Object.&lt;anonymous&gt; (/Users/vladimirsorokoletov/Desktop/Lecture/apiAutomation/src/tests/user_update.spec.ts:21:23)\n    at Promise.then.completed (/Users/vladimirsorokoletov/Desktop/Lecture/apiAutomation/node_modules/jest-circus/build/utils.js:298:28)\n    at new Promise (&lt;anonymous&gt;)\n    at callAsyncCircusFn (/Users/vladimirsorokoletov/Desktop/Lecture/apiAutomation/node_modules/jest-circus/build/utils.js:231:10)\n    at _callCircusHook (/Users/vladimirsorokoletov/Desktop/Lecture/apiAutomation/node_modules/jest-circus/build/run.js:281:40)\n    at processTicksAndRejections (node:internal/process/task_queues:105:5)\n    at _runTestsForDescribeBlock (/Users/vladimirsorokoletov/Desktop/Lecture/apiAutomation/node_modules/jest-circus/build/run.js:154:7)\n    at _runTestsForDescribeBlock (/Users/vladimirsorokoletov/Desktop/Lecture/apiAutomation/node_modules/jest-circus/build/run.js:121:9)\n    at run (/Users/vladimirsorokoletov/Desktop/Lecture/apiAutomation/node_modules/jest-circus/build/run.js:71:3)\n    at runAndTransformResultsToJestFormat (/Users/vladimirsorokoletov/Desktop/Lecture/apiAutomation/node_modules/jest-circus/build/legacy-code-todo-rewrite/jestAdapterInit.js:122:21)\n    at jestAdapter (/Users/vladimirsorokoletov/Desktop/Lecture/apiAutomation/node_modules/jest-circus/build/legacy-code-todo-rewrite/jestAdapter.js:79:19)\n    at runTestInternal (/Users/vladimirsorokoletov/Desktop/Lecture/apiAutomation/node_modules/jest-runner/build/runTest.js:367:16)\n    at runTest (/Users/vladimirsorokoletov/Desktop/Lecture/apiAutomation/node_modules/jest-runner/build/runTest.js:444:34)&quot;}</failure>
    </testcase>
  </testsuite>
</testsuites>